Arguments: 
  /usr/bin/node /usr/share/yarn/bin/yarn.js install

PATH: 
  /usr/local/sbin:/usr/local/bin:/usr/sbin:/usr/bin:/sbin:/bin:/usr/games:/usr/local/games:/snap/bin

Yarn version: 
  1.16.0

Node version: 
  12.4.0

Platform: 
  linux x64

Trace: 
  Error: EACCES: permission denied, mkdir '/home/lab/project/fox/node_modules/aproba'

npm manifest: 
  {
    "name": "fox",
    "version": "1.0.0",
    "description": "",
    "main": "index.js",
    "scripts": {
      "start": "nodemon index.js",
      "test": "echo \"Error: no test specified\" && exit 1"
    },
    "keywords": [],
    "author": "",
    "license": "ISC",
    "dependencies": {
      "@sendgrid/mail": "^6.3.1",
      "axios": "^0.18.0",
      "bcrypt": "^3.0.6",
      "bitcoin-transaction": "^1.2.1",
      "bitcore-explorers": "^1.0.1",
      "blockchain.info": "^2.12.1",
      "config": "^3.0.0",
      "dotenv": "^6.1.0",
      "expo-server-sdk": "^3.1.0",
      "express": "^4.16.4",
      "graphql": "^14.0.2",
      "graphql-yoga": "^1.16.7",
      "hogan.js": "^3.0.2",
      "jsonwebtoken": "^8.4.0",
      "lodash": "^4.17.11",
      "merge-graphql-schemas": "^1.5.8",
      "mysql2": "^1.6.4",
      "nodemailer": "^6.1.0",
      "sequelize": "^4.41.2",
      "sequelize-cli": "^5.3.0"
    },
    "devDependencies": {
      "nodemon": "^1.18.6"
    }
  }

yarn manifest: 
  No manifest

Lockfile: 
  No lockfile
